Arguments: 
  /usr/local/Cellar/node/13.6.0/bin/node /Users/bblake/.yarn/bin/yarn.js add node_modules

PATH: 
  /Users/boazblake/.cargo/bin:/private/var/folders/7s/ks_v5nmn4mv4lw0f1ffqpg8w0000gn/T/AppTranslocation/FEE8BA79-830F-4867-AB72-4FAFD9D74824/d/Zed.app/bin:/Users/boazblake/.yarn/bin:/usr/local/opt/nvm/versions/node/v8.9.4/bin:/Users/boazblake/.yarn/bin:/Users/boazblake/.config/yarn/global/node_modules/.bin:/usr/local/opt/openssl/bin:/usr/local/mysql/bin:/usr/local/cmake/bin:/usr/local/mongodb/bin:/usr/local/au/bin:/usr/local/git/bin:/usr/local/autoconf/bin:/usr/local/git/bin:/sw/bin:/usr/local/bin:/usr/local:/usr/local/sbin:/usr/local/mysql/bin:/usr/local/bin:/usr/local/bin:/usr/bin:/bin:/usr/sbin:/sbin:/Users/boazblake/.vimpkg/bin:/Users/bblake/.local/bin:/usr/local/opt/nvm/versions/node/v14.2.0/bin:/usr/local/share/npm/bin:/Users/bblake/Library/Android/sdk/platform-tools:/Users/bblake/Library/Android/sdk/tools/bin:/Users/bblake/Library/Android/sdk/tools:/Users/bblake/.config/yarn/global/node_modules/.bin:/Users/bblake/.yarn/bin:/Users/bblake/usr/local/bin:/Users/bblake/bin:/usr/local/bin:/usr/bin:/bin:/usr/sbin:/sbin:/Library/Apple/usr/bin:/Library/Frameworks/Mono.framework/Versions/Current/Commands:/Users/boazblake/.cargo/bin:/private/var/folders/7s/ks_v5nmn4mv4lw0f1ffqpg8w0000gn/T/AppTranslocation/FEE8BA79-830F-4867-AB72-4FAFD9D74824/d/Zed.app/bin:/Users/boazblake/.yarn/bin:/usr/local/opt/nvm/versions/node/v8.9.4/bin:/Users/boazblake/.config/yarn/global/node_modules/.bin:/usr/local/opt/openssl/bin:/usr/local/mysql/bin:/usr/local/cmake/bin:/usr/local/mongodb/bin:/usr/local/au/bin:/usr/local/git/bin:/usr/local/autoconf/bin:/sw/bin:/usr/local:/usr/local/sbin:/Users/boazblake/.vimpkg/bin:/Users/bblake/.local/bin:/usr/local/opt/nvm/versions/node/v14.2.0/bin:/usr/local/share/npm/bin:/Users/bblake/Library/Android/sdk/platform-tools:/Users/bblake/Library/Android/sdk/tools/bin:/Users/bblake/Library/Android/sdk/tools:/Users/bblake/.config/yarn/global/node_modules/.bin:/Users/bblake/.yarn/bin:/Users/bblake/usr/local/bin:/Users/bblake/bin:/Users/bblake/Library/Android/sdk/build-tools/29.0.2:/Users/bblake/.rvm/bin:/Users/bblake/Library/Android/sdk/tools:/Users/bblake/Library/Android/sdk/platform-tools:/Users/bblake/Library/Android/sdk/build-tools/29.0.2:/Users/bblake/.rvm/bin

Yarn version: 
  1.22.4

Node version: 
  13.6.0

Platform: 
  darwin x64

Trace: 
  Error: https://registry.npmjs.org/node_modules: Not found
      at Request.params.callback [as _callback] (/Users/bblake/.yarn/lib/cli.js:66987:18)
      at Request.self.callback (/Users/bblake/.yarn/lib/cli.js:140748:22)
      at Request.emit (events.js:321:20)
      at Request.<anonymous> (/Users/bblake/.yarn/lib/cli.js:141720:10)
      at Request.emit (events.js:321:20)
      at IncomingMessage.<anonymous> (/Users/bblake/.yarn/lib/cli.js:141642:12)
      at Object.onceWrapper (events.js:427:28)
      at IncomingMessage.emit (events.js:333:22)
      at endReadableNT (_stream_readable.js:1220:12)
      at processTicksAndRejections (internal/process/task_queues.js:84:21)

npm manifest: 
  {
    "name": "calendar",
    "version": "1.0.0",
    "main": "index.js",
    "license": "MIT",
    "dependencies": {
      "date-fns": "^2.15.0",
      "frow": "^3.3.2",
      "mithril": "^2.0.4"
    }
  }

yarn manifest: 
  No manifest

Lockfile: 
  # THIS IS AN AUTOGENERATED FILE. DO NOT EDIT THIS FILE DIRECTLY.
  # yarn lockfile v1
  
  
  date-fns@^2.15.0:
    version "2.15.0"
    resolved "https://registry.yarnpkg.com/date-fns/-/date-fns-2.15.0.tgz#424de6b3778e4e69d3ff27046ec136af58ae5d5f"
    integrity sha512-ZCPzAMJZn3rNUvvQIMlXhDr4A+Ar07eLeGsGREoWU19a3Pqf5oYa+ccd+B3F6XVtQY6HANMFdOQ8A+ipFnvJdQ==
  
  frow@^3.3.2:
    version "3.3.2"
    resolved "https://registry.yarnpkg.com/frow/-/frow-3.3.2.tgz#21695d2bf081c5a75bdb6a446f711e2a66474ea0"
    integrity sha512-ZNsyrCzDuN0bi5Xjx/3BMSyi7l3bJGPyPzZoWP60LtV7WiPeElLI99HgL9d6KygDMkpKWsWWHCOdRV960Q0JjA==
  
  mithril@^2.0.4:
    version "2.0.4"
    resolved "https://registry.yarnpkg.com/mithril/-/mithril-2.0.4.tgz#d125969d992b924c7185d24ff92d997e5c00116b"
    integrity sha512-mgw+DMZlhMS4PpprF6dl7ZoeZq5GGcAuWnrg5e12MvaGauc4jzWsDZtVGRCktsiQczOEUr2K5teKbE5k44RlOg==
